<?xml version="1.0" encoding="UTF-8"?>
<testsuites>
  <testsuite name="CodeIgniter Application Test Suite" tests="19" assertions="18" failures="0" errors="0" time="0.344943">
    <testsuite name="Transacao_test" file="/var/www/html/desafio-backend/www/application/tests/controllers/Transacao_test.php" tests="1" assertions="0" failures="0" errors="0" time="0.007085">
      <testcase name="test_index" class="Transacao_test" file="/var/www/html/desafio-backend/www/application/tests/controllers/Transacao_test.php" line="4" assertions="0" time="0.007085"/>
    </testsuite>
    <testsuite name="Carteira_test" file="/var/www/html/desafio-backend/www/application/tests/libraries/Carteira_test.php" tests="13" assertions="13" failures="0" errors="0" time="0.186789">
      <testcase name="test_saque_sem_passar_valor_no_parametro" class="Carteira_test" file="/var/www/html/desafio-backend/www/application/tests/libraries/Carteira_test.php" line="14" assertions="1" time="0.016278"/>
      <testcase name="test_saque_passando_parametro_com_valor_vazio" class="Carteira_test" file="/var/www/html/desafio-backend/www/application/tests/libraries/Carteira_test.php" line="27" assertions="1" time="0.014269"/>
      <testcase name="test_saque_passando_parametro_com_valor_string" class="Carteira_test" file="/var/www/html/desafio-backend/www/application/tests/libraries/Carteira_test.php" line="40" assertions="1" time="0.013444"/>
      <testcase name="test_saque_passando_parametro_com_valor_0" class="Carteira_test" file="/var/www/html/desafio-backend/www/application/tests/libraries/Carteira_test.php" line="53" assertions="1" time="0.013794"/>
      <testcase name="test_saque_passando_parametro_com_valor_negativo" class="Carteira_test" file="/var/www/html/desafio-backend/www/application/tests/libraries/Carteira_test.php" line="66" assertions="1" time="0.014191"/>
      <testcase name="test_saque_passando_parametro_com_valor_acima_do_saldo" class="Carteira_test" file="/var/www/html/desafio-backend/www/application/tests/libraries/Carteira_test.php" line="79" assertions="1" time="0.013956"/>
      <testcase name="test_saque_passando_parametro_com_valor_que_o_saldo_comporta" class="Carteira_test" file="/var/www/html/desafio-backend/www/application/tests/libraries/Carteira_test.php" line="92" assertions="1" time="0.018104"/>
      <testcase name="test_deposito_sem_passar_valor_no_parametro" class="Carteira_test" file="/var/www/html/desafio-backend/www/application/tests/libraries/Carteira_test.php" line="105" assertions="1" time="0.013725"/>
      <testcase name="test_deposito_passando_parametro_com_valor_vazio" class="Carteira_test" file="/var/www/html/desafio-backend/www/application/tests/libraries/Carteira_test.php" line="118" assertions="1" time="0.013684"/>
      <testcase name="test_deposito_passando_parametro_com_valor_string" class="Carteira_test" file="/var/www/html/desafio-backend/www/application/tests/libraries/Carteira_test.php" line="131" assertions="1" time="0.013698"/>
      <testcase name="test_deposito_passando_parametro_com_valor_0" class="Carteira_test" file="/var/www/html/desafio-backend/www/application/tests/libraries/Carteira_test.php" line="144" assertions="1" time="0.013849"/>
      <testcase name="test_deposito_passando_parametro_com_valor_negativo" class="Carteira_test" file="/var/www/html/desafio-backend/www/application/tests/libraries/Carteira_test.php" line="157" assertions="1" time="0.013985"/>
      <testcase name="test_deposito_passando_parametro_com_valor_correto" class="Carteira_test" file="/var/www/html/desafio-backend/www/application/tests/libraries/Carteira_test.php" line="170" assertions="1" time="0.013812"/>
    </testsuite>
    <testsuite name="ServicoDeAutorizacao_test" file="/var/www/html/desafio-backend/www/application/tests/libraries/ServicoDeAutorizacao_test.php" tests="2" assertions="2" failures="0" errors="0" time="0.068879">
      <testcase name="test_executa_retornando_que_foi_autorizado" class="ServicoDeAutorizacao_test" file="/var/www/html/desafio-backend/www/application/tests/libraries/ServicoDeAutorizacao_test.php" line="4" assertions="1" time="0.050779"/>
      <testcase name="test_executa_retornando_que_a_autorizacao_falhou" class="ServicoDeAutorizacao_test" file="/var/www/html/desafio-backend/www/application/tests/libraries/ServicoDeAutorizacao_test.php" line="11" assertions="1" time="0.018100"/>
    </testsuite>
    <testsuite name="ServicoDeNotificacao_test" file="/var/www/html/desafio-backend/www/application/tests/libraries/ServicoDeNotificacao_test.php" tests="3" assertions="3" failures="0" errors="0" time="0.082190">
      <testcase name="test_executa_sem_passar_parametros" class="ServicoDeNotificacao_test" file="/var/www/html/desafio-backend/www/application/tests/libraries/ServicoDeNotificacao_test.php" line="4" assertions="1" time="0.018052"/>
      <testcase name="test_executa_retornando_que_a_notificacao_foi_enviada" class="ServicoDeNotificacao_test" file="/var/www/html/desafio-backend/www/application/tests/libraries/ServicoDeNotificacao_test.php" line="11" assertions="1" time="0.037699"/>
      <testcase name="test_executa_retornando_que_a_notificacao_falhou" class="ServicoDeNotificacao_test" file="/var/www/html/desafio-backend/www/application/tests/libraries/ServicoDeNotificacao_test.php" line="18" assertions="1" time="0.026439"/>
    </testsuite>
  </testsuite>
</testsuites>
